# Server version 0.08 running on Siegetank:8123
# Game ID: 854
# Board class: hus.HusBoard
# Timeout: 2000
# First Move Timeout: 30000
# Date: Wed Mar 09 23:21:31 EST 2016
# Player 1: Player-0, '260498154', running on Siegetank
# Player 2: Player-1, 'Human', running on Siegetank
START Player-0 260498154
START Player-1 Human
PIT 0 0
PIT 1 23
PIT 0 15
PIT 1 21
PIT 0 21
PIT 1 20
PIT 0 25
PIT 1 17
PIT 0 16
PIT 1 14
PIT 0 8
PIT 1 4
PIT 0 5
PIT 1 3
PIT 0 10
PIT 1 2
PIT 0 0
PIT 1 1
PIT 0 1
PIT 1 0
PIT 0 3
PIT 1 9
PIT 0 11
PIT 1 10
PIT 0 2
PIT 1 11
PIT 0 26
PIT 1 12
PIT 0 1
PIT 1 13
PIT 0 0
GAMEOVER WINNER 0
# Game ended: Wed Mar 09 23:21:47 EST 2016
