# Server version 0.08 running on Siegetank:8123
# Game ID: 387
# Board class: hus.HusBoard
# Timeout: 2000
# First Move Timeout: 30000
# Date: Wed Mar 02 09:27:35 EST 2016
# Player 1: Player-0, 'Brute Force AI', running on Siegetank
# Player 2: Player-1, '260498154', running on Siegetank
START Player-0 Brute Force AI
START Player-1 260498154
PIT 0 22
PIT 1 22
PIT 0 4
PIT 1 7
PIT 0 23
PIT 1 0
PIT 0 19
PIT 1 16
PIT 0 13
PIT 1 19
PIT 0 24
PIT 1 3
PIT 0 20
PIT 1 28
PIT 0 14
PIT 1 1
PIT 0 23
PIT 1 24
PIT 0 21
PIT 1 17
PIT 0 0
GAMEOVER WINNER 0
# Game ended: Wed Mar 02 09:27:41 EST 2016
