# Server version 0.08 running on Siegetank:8123
# Game ID: 580
# Board class: hus.HusBoard
# Timeout: 2000
# First Move Timeout: 30000
# Date: Wed Mar 02 23:52:07 EST 2016
# Player 1: Player-0, '260498154', running on Siegetank
# Player 2: Player-1, 'Human', running on Siegetank
START Player-0 260498154
START Player-1 Human
PIT 0 11
PIT 1 23
PIT 0 8
PIT 1 22
PIT 0 9
PIT 1 21
PIT 0 13
PIT 1 19
PIT 0 14
PIT 1 17
PIT 0 18
PIT 1 14
PIT 0 29
PIT 1 3
PIT 0 9
PIT 1 2
PIT 0 30
PIT 1 1
PIT 0 21
PIT 1 0
PIT 0 24
GAMEOVER USER CANCEL UNDECIDED
# Game ended: Wed Mar 02 23:52:47 EST 2016
