# Server version 0.08 running on Siegetank:8123
# Game ID: 429
# Board class: hus.HusBoard
# Timeout: 2000
# First Move Timeout: 30000
# Date: Wed Mar 02 11:04:52 EST 2016
# Player 1: Player-0, '260498154', running on Siegetank
# Player 2: Player-1, 'Brute Force AI', running on Siegetank
START Player-0 260498154
START Player-1 Brute Force AI
PIT 0 22
PIT 1 12
PIT 0 6
PIT 1 22
PIT 0 16
PIT 1 16
PIT 0 15
PIT 1 15
PIT 0 18
PIT 1 18
PIT 0 13
PIT 1 22
PIT 0 12
PIT 1 24
PIT 0 19
PIT 1 27
PIT 0 17
PIT 1 6
PIT 0 20
PIT 1 9
PIT 0 21
PIT 1 13
PIT 0 14
PIT 1 10
PIT 0 16
PIT 1 15
PIT 0 17
PIT 1 16
PIT 0 25
PIT 1 11
PIT 0 31
PIT 1 30
PIT 0 30
PIT 1 20
PIT 0 29
GAMEOVER WINNER 0
# Game ended: Wed Mar 02 11:05:10 EST 2016
