# Server version 0.08 running on Siegetank:8123
# Game ID: 957
# Board class: hus.HusBoard
# Timeout: 2000
# First Move Timeout: 30000
# Date: Thu Mar 10 09:11:04 EST 2016
# Player 1: Player-0, '260498154', running on Siegetank
# Player 2: Player-1, '260498154', running on Siegetank
START Player-0 260498154
START Player-1 260498154
PIT 0 21
PIT 1 22
PIT 0 2
PIT 1 1
PIT 0 14
PIT 1 14
PIT 0 15
PIT 1 17
PIT 0 9
PIT 1 22
PIT 0 18
PIT 1 20
PIT 0 27
PIT 1 25
PIT 0 26
PIT 1 24
PIT 0 29
PIT 1 31
PIT 0 28
PIT 1 30
PIT 0 30
PIT 1 29
PIT 0 25
PIT 1 31
PIT 0 27
PIT 1 11
PIT 0 24
PIT 1 26
PIT 0 11
PIT 1 27
PIT 0 30
PIT 1 29
PIT 0 17
PIT 1 31
PIT 0 5
PIT 1 6
PIT 0 9
PIT 1 10
PIT 0 14
PIT 1 13
PIT 0 29
PIT 1 11
PIT 0 30
PIT 1 5
PIT 0 28
PIT 1 0
PIT 0 20
PIT 1 7
PIT 0 27
PIT 1 4
PIT 0 30
PIT 1 8
PIT 0 22
PIT 1 13
PIT 0 31
PIT 1 11
PIT 0 29
PIT 1 5
PIT 0 30
PIT 1 9
PIT 0 31
PIT 1 15
PIT 0 27
PIT 1 6
PIT 0 24
PIT 1 7
PIT 0 29
PIT 1 16
PIT 0 26
PIT 1 13
PIT 0 28
PIT 1 8
PIT 0 30
PIT 1 9
PIT 0 26
PIT 1 10
PIT 0 29
PIT 1 13
PIT 0 31
PIT 1 2
PIT 0 30
GAMEOVER WINNER 0
# Game ended: Thu Mar 10 09:11:11 EST 2016
