# Server version 0.08 running on Siegetank:8123
# Game ID: 277
# Board class: hus.HusBoard
# Timeout: 2000
# First Move Timeout: 30000
# Date: Tue Mar 01 20:10:34 EST 2016
# Player 1: Player-0, '260498154', running on Siegetank
# Player 2: Player-1, 'Brute Force AI', running on Siegetank
START Player-0 260498154
START Player-1 Brute Force AI
PIT 0 0
PIT 1 20
PIT 0 12
PIT 1 0
PIT 0 16
PIT 1 9
PIT 0 1
PIT 1 18
PIT 0 22
PIT 1 13
PIT 0 18
PIT 1 14
PIT 0 9
PIT 1 17
PIT 0 13
PIT 1 16
PIT 0 22
PIT 1 19
PIT 0 23
PIT 1 24
PIT 0 24
PIT 1 18
PIT 0 28
PIT 1 0
PIT 0 26
PIT 1 5
PIT 0 27
PIT 1 23
PIT 0 0
PIT 1 0
PIT 0 5
PIT 1 1
PIT 0 6
PIT 1 2
PIT 0 7
PIT 1 3
PIT 0 10
PIT 1 4
PIT 0 11
PIT 1 0
PIT 0 12
PIT 1 9
GAMEOVER WINNER 1
# Game ended: Tue Mar 01 20:10:38 EST 2016
