# Server version 0.08 running on Siegetank:8123
# Game ID: 583
# Board class: hus.HusBoard
# Timeout: 2000
# First Move Timeout: 30000
# Date: Thu Mar 03 00:02:07 EST 2016
# Player 1: Player-0, '260498154', running on Siegetank
# Player 2: Player-1, 'Brute Force AI', running on Siegetank
START Player-0 260498154
START Player-1 Brute Force AI
PIT 0 7
PIT 1 12
PIT 0 20
PIT 1 15
PIT 0 16
PIT 1 19
PIT 0 14
PIT 1 29
PIT 0 5
PIT 1 16
PIT 0 11
PIT 1 31
PIT 0 18
PIT 1 23
PIT 0 19
PIT 1 24
PIT 0 20
PIT 1 17
PIT 0 23
PIT 1 19
PIT 0 22
PIT 1 21
PIT 0 24
PIT 1 27
PIT 0 25
PIT 1 22
PIT 0 4
PIT 1 26
PIT 0 9
PIT 1 25
PIT 0 0
PIT 1 30
