# Server version 0.08 running on Siegetank:8123
# Game ID: 1000
# Board class: hus.HusBoard
# Timeout: 2000
# First Move Timeout: 30000
# Date: Thu Mar 10 10:56:50 EST 2016
# Player 1: Player-0, 'Brute Force AI', running on Siegetank
# Player 2: Player-1, '260498154', running on Siegetank
START Player-0 Brute Force AI
START Player-1 260498154
PIT 0 22
PIT 1 1
PIT 0 19
PIT 1 20
PIT 0 14
PIT 1 0
PIT 0 24
PIT 1 16
PIT 0 17
PIT 1 13
PIT 0 15
PIT 1 19
PIT 0 21
PIT 1 25
PIT 0 29
PIT 1 23
PIT 0 31
GAMEOVER WINNER 0
# Game ended: Thu Mar 10 10:56:56 EST 2016
