# Server version 0.08 running on Siegetank:8123
# Game ID: 85
# Board class: hus.HusBoard
# Timeout: 2000
# First Move Timeout: 30000
# Date: Mon Feb 29 16:05:03 EST 2016
# Player 1: Player-0, 'Human', running on Siegetank
# Player 2: Player-1, 'RandomHusPlayer', running on Siegetank
START Player-0 Human
START Player-1 RandomHusPlayer
PIT 0 20
PIT 1 22
PIT 0 19
PIT 1 4
PIT 0 24
PIT 1 23
PIT 0 18
PIT 1 19
PIT 0 4
PIT 1 0
PIT 0 3
PIT 1 13
PIT 0 2
PIT 1 2
PIT 0 1
PIT 1 18
PIT 0 0
PIT 1 3
PIT 0 6
PIT 1 7
PIT 0 5
PIT 1 8
PIT 0 8
PIT 1 24
PIT 0 9
PIT 1 4
PIT 0 10
PIT 1 5
PIT 0 15
PIT 1 10
GAMEOVER WINNER 1
# Game ended: Mon Feb 29 16:05:18 EST 2016
