# Server version 0.08 running on Siegetank:8123
# Game ID: 117
# Board class: hus.HusBoard
# Timeout: 2000
# First Move Timeout: 30000
# Date: Mon Feb 29 17:28:42 EST 2016
# Player 1: Player-0, '260498154', running on Siegetank
# Player 2: Player-1, 'Human', running on Siegetank
START Player-0 260498154
START Player-1 Human
PIT 0 22
PIT 1 22
PIT 0 4
PIT 1 18
PIT 0 19
PIT 1 20
PIT 0 13
PIT 1 21
PIT 0 8
PIT 1 23
PIT 0 1
PIT 1 24
PIT 0 0
PIT 1 28
PIT 0 1
PIT 1 13
PIT 0 2
PIT 1 0
PIT 0 5
PIT 1 3
PIT 0 14
PIT 1 10
PIT 0 0
PIT 1 11
PIT 0 3
PIT 1 15
PIT 0 11
PIT 1 16
PIT 0 21
PIT 1 12
PIT 0 23
GAMEOVER WINNER 0
# Game ended: Mon Feb 29 17:29:04 EST 2016
