# Server version 0.08 running on Siegetank:8123
# Game ID: 848
# Board class: hus.HusBoard
# Timeout: 2000
# First Move Timeout: 30000
# Date: Wed Mar 09 23:17:58 EST 2016
# Player 1: Player-0, 'Human', running on Siegetank
# Player 2: Player-1, '260498154', running on Siegetank
START Player-0 Human
START Player-1 260498154
PIT 0 23
PIT 1 6
PIT 0 22
PIT 1 5
PIT 0 21
PIT 1 10
PIT 0 20
PIT 1 16
PIT 0 19
PIT 1 11
PIT 0 18
PIT 1 14
PIT 0 17
PIT 1 18
PIT 0 16
PIT 1 12
PIT 0 14
PIT 1 9
PIT 0 13
PIT 1 16
PIT 0 10
PIT 1 17
PIT 0 21
PIT 1 19
PIT 0 7
PIT 1 21
PIT 0 18
PIT 1 23
PIT 0 1
PIT 1 0
PIT 0 0
PIT 1 1
PIT 0 3
PIT 1 2
PIT 0 4
PIT 1 3
