# Server version 0.08 running on Siegetank:8123
# Game ID: 371
# Board class: hus.HusBoard
# Timeout: 2000
# First Move Timeout: 30000
# Date: Wed Mar 02 01:19:19 EST 2016
# Player 1: Player-0, '260498154', running on Siegetank
# Player 2: Player-1, 'Brute Force AI', running on Siegetank
START Player-0 260498154
START Player-1 Brute Force AI
PIT 0 14
PIT 1 5
PIT 0 9
PIT 1 21
PIT 0 0
PIT 1 11
PIT 0 3
PIT 1 15
PIT 0 18
PIT 1 16
PIT 0 13
PIT 1 1
PIT 0 1
PIT 1 2
PIT 0 5
PIT 1 3
PIT 0 6
PIT 1 5
PIT 0 8
PIT 1 7
PIT 0 11
PIT 1 0
PIT 0 10
PIT 1 9
PIT 0 13
PIT 1 17
PIT 0 14
PIT 1 10
PIT 0 16
PIT 1 11
GAMEOVER WINNER 1
# Game ended: Wed Mar 02 01:19:21 EST 2016
