# Server version 0.08 running on Siegetank:8123
# Game ID: 234
# Board class: hus.HusBoard
# Timeout: 2000
# First Move Timeout: 30000
# Date: Tue Mar 01 19:05:16 EST 2016
# Player 1: Player-0, '260498154', running on Siegetank
# Player 2: Player-1, 'Brute Force AI', running on Siegetank
START Player-0 260498154
START Player-1 Brute Force AI
PIT 0 22
PIT 1 12
PIT 0 21
PIT 1 6
PIT 0 19
PIT 1 10
PIT 0 18
PIT 1 21
PIT 0 17
PIT 1 12
PIT 0 16
PIT 1 16
PIT 0 15
PIT 1 20
PIT 0 18
PIT 1 19
PIT 0 12
PIT 1 15
PIT 0 25
PIT 1 17
PIT 0 17
PIT 1 22
PIT 0 19
PIT 1 20
PIT 0 21
PIT 1 2
PIT 0 25
PIT 1 0
PIT 0 1
PIT 1 1
PIT 0 2
PIT 1 3
PIT 0 4
PIT 1 5
PIT 0 5
PIT 1 9
PIT 0 26
PIT 1 2
PIT 0 31
PIT 1 26
PIT 0 27
PIT 1 15
PIT 0 0
PIT 1 22
PIT 0 10
PIT 1 14
PIT 0 12
PIT 1 25
PIT 0 28
PIT 1 11
PIT 0 7
PIT 1 0
PIT 0 8
PIT 1 1
PIT 0 9
PIT 1 17
PIT 0 10
PIT 1 28
GAMEOVER WINNER 1
# Game ended: Tue Mar 01 19:05:21 EST 2016
