# Server version 0.08 running on Siegetank:8123
# Game ID: 211
# Board class: hus.HusBoard
# Timeout: 2000
# First Move Timeout: 30000
# Date: Tue Mar 01 16:39:27 EST 2016
# Player 1: Player-0, '260498154', running on Siegetank
# Player 2: Player-1, 'RandomHusPlayer', running on Siegetank
START Player-0 260498154
START Player-1 RandomHusPlayer
PIT 0 22
PIT 1 9
PIT 0 19
PIT 1 7
PIT 0 1
PIT 1 1
PIT 0 26
PIT 1 0
PIT 0 23
PIT 1 21
PIT 0 20
PIT 1 10
PIT 0 0
PIT 1 4
PIT 0 2
PIT 1 7
PIT 0 0
PIT 1 8
PIT 0 1
PIT 1 9
PIT 0 2
PIT 1 10
PIT 0 18
GAMEOVER WINNER 0
# Game ended: Tue Mar 01 16:39:31 EST 2016
