# Server version 0.08 running on Siegetank:8123
# Game ID: 718
# Board class: hus.HusBoard
# Timeout: 2000
# First Move Timeout: 30000
# Date: Fri Mar 04 11:14:01 EST 2016
# Player 1: Player-0, '260498154', running on Siegetank
# Player 2: Player-1, 'Human', running on Siegetank
START Player-0 260498154
START Player-1 Human
PIT 0 22
PIT 1 21
PIT 0 4
PIT 1 20
PIT 0 5
PIT 1 15
PIT 0 20
PIT 1 2
PIT 0 22
PIT 1 16
PIT 0 21
PIT 1 0
PIT 0 19
GAMEOVER USER CANCEL UNDECIDED
# Game ended: Fri Mar 04 11:15:58 EST 2016
