# Server version 0.08 running on Siegetank:8123
# Game ID: 110
# Board class: hus.HusBoard
# Timeout: 2000
# First Move Timeout: 30000
# Date: Mon Feb 29 17:21:24 EST 2016
# Player 1: Player-0, '260498154', running on Siegetank
# Player 2: Player-1, 'RandomHusPlayer', running on Siegetank
START Player-0 260498154
START Player-1 RandomHusPlayer
PIT 0 22
PIT 1 0
PIT 0 21
PIT 1 1
PIT 0 24
PIT 1 3
PIT 0 19
PIT 1 5
PIT 0 13
PIT 1 8
PIT 0 5
PIT 1 18
PIT 0 0
PIT 1 11
PIT 0 14
GAMEOVER WINNER 0
# Game ended: Mon Feb 29 17:21:30 EST 2016
