# Server version 0.08 running on Siegetank:8123
# Game ID: 119
# Board class: hus.HusBoard
# Timeout: 2000
# First Move Timeout: 30000
# Date: Mon Feb 29 17:31:25 EST 2016
# Player 1: Player-0, 'Human', running on Siegetank
# Player 2: Player-1, 'RandomHusPlayer', running on Siegetank
START Player-0 Human
START Player-1 RandomHusPlayer
PIT 0 23
PIT 1 22
PIT 0 22
PIT 1 4
PIT 0 21
PIT 1 13
PIT 0 25
PIT 1 20
PIT 0 17
PIT 1 24
PIT 0 0
PIT 1 0
PIT 0 14
PIT 1 5
PIT 0 6
PIT 1 14
PIT 0 1
PIT 1 0
PIT 0 2
PIT 1 1
PIT 0 3
PIT 1 5
PIT 0 10
PIT 1 6
GAMEOVER WINNER 1
# Game ended: Mon Feb 29 17:31:46 EST 2016
