# Server version 0.08 running on Siegetank:8123
# Game ID: 898
# Board class: hus.HusBoard
# Timeout: 2000
# First Move Timeout: 30000
# Date: Thu Mar 10 01:54:19 EST 2016
# Player 1: Player-0, '260498154', running on Siegetank
# Player 2: Player-1, 'Brute Force AI', running on Siegetank
START Player-0 260498154
START Player-1 Brute Force AI
PIT 0 7
PIT 1 23
PIT 0 8
PIT 1 2
PIT 0 16
PIT 1 20
PIT 0 1
PIT 1 15
PIT 0 19
PIT 1 27
PIT 0 4
PIT 1 17
PIT 0 5
PIT 1 1
PIT 0 0
PIT 1 30
PIT 0 23
PIT 1 15
PIT 0 8
PIT 1 31
PIT 0 9
PIT 1 27
PIT 0 14
PIT 1 20
PIT 0 16
PIT 1 30
GAMEOVER WINNER 1
# Game ended: Thu Mar 10 01:54:24 EST 2016
