# Server version 0.08 running on Siegetank:8123
# Game ID: 412
# Board class: hus.HusBoard
# Timeout: 2000
# First Move Timeout: 30000
# Date: Wed Mar 02 10:37:49 EST 2016
# Player 1: Player-0, '260498154', running on Siegetank
# Player 2: Player-1, 'Brute Force AI', running on Siegetank
START Player-0 260498154
START Player-1 Brute Force AI
PIT 0 0
PIT 1 20
PIT 0 10
PIT 1 6
PIT 0 4
PIT 1 15
PIT 0 22
PIT 1 10
PIT 0 15
PIT 1 12
PIT 0 12
PIT 1 15
PIT 0 29
PIT 1 20
PIT 0 27
PIT 1 21
PIT 0 24
PIT 1 19
PIT 0 23
PIT 1 1
PIT 0 26
PIT 1 23
PIT 0 29
PIT 1 2
PIT 0 4
PIT 1 4
PIT 0 5
PIT 1 13
PIT 0 30
PIT 1 5
PIT 0 27
PIT 1 14
PIT 0 6
PIT 1 21
PIT 0 25
PIT 1 0
PIT 0 14
PIT 1 1
GAMEOVER WINNER 1
# Game ended: Wed Mar 02 10:37:58 EST 2016
