# Server version 0.08 running on Siegetank:8123
# Game ID: 121
# Board class: hus.HusBoard
# Timeout: 2000
# First Move Timeout: 30000
# Date: Mon Feb 29 18:10:56 EST 2016
# Player 1: Player-0, 'Human', running on Siegetank
# Player 2: Player-1, 'RandomHusPlayer', running on Siegetank
START Player-0 Human
START Player-1 RandomHusPlayer
PIT 0 23
PIT 1 0
PIT 0 22
PIT 1 1
PIT 0 21
PIT 1 3
PIT 0 20
PIT 1 5
PIT 0 18
PIT 1 8
PIT 0 19
PIT 1 14
PIT 0 21
PIT 1 11
PIT 0 20
PIT 1 12
PIT 0 10
PIT 1 21
PIT 0 26
PIT 1 13
PIT 0 28
PIT 1 17
PIT 0 29
PIT 1 18
PIT 0 30
PIT 1 19
PIT 0 31
PIT 1 20
PIT 0 22
PIT 1 24
PIT 0 16
PIT 1 16
PIT 0 18
PIT 1 14
PIT 0 19
PIT 1 15
PIT 0 20
PIT 1 26
PIT 0 21
PIT 1 25
PIT 0 22
PIT 1 29
PIT 0 23
PIT 1 31
PIT 0 24
PIT 1 30
PIT 0 25
PIT 1 0
PIT 0 28
PIT 1 2
PIT 0 30
PIT 1 4
PIT 0 20
GAMEOVER ILLEGAL MOVE: Player 1 plays pit 0 WINNER 0
# Game ended: Mon Feb 29 18:11:12 EST 2016
