# Server version 0.08 running on Siegetank:8123
# Game ID: 231
# Board class: hus.HusBoard
# Timeout: 2000
# First Move Timeout: 30000
# Date: Tue Mar 01 18:57:14 EST 2016
# Player 1: Player-0, 'Brute Force AI', running on Siegetank
# Player 2: Player-1, '260498154', running on Siegetank
START Player-0 Brute Force AI
START Player-1 260498154
PIT 0 22
PIT 1 16
PIT 0 19
PIT 1 1
PIT 0 18
PIT 1 13
PIT 0 15
PIT 1 4
PIT 0 12
PIT 1 18
PIT 0 11
PIT 1 19
PIT 0 13
PIT 1 0
PIT 0 19
PIT 1 20
PIT 0 0
GAMEOVER WINNER 0
# Game ended: Tue Mar 01 18:57:18 EST 2016
