# Server version 0.08 running on Siegetank:8123
# Game ID: 584
# Board class: hus.HusBoard
# Timeout: 2000
# First Move Timeout: 30000
# Date: Thu Mar 03 00:02:57 EST 2016
# Player 1: Player-0, '260498154', running on Siegetank
# Player 2: Player-1, 'Brute Force AI', running on Siegetank
START Player-0 260498154
START Player-1 Brute Force AI
PIT 0 16
PIT 1 22
PIT 0 20
PIT 1 21
PIT 0 4
PIT 1 19
PIT 0 10
PIT 1 3
PIT 0 8
PIT 1 18
PIT 0 0
PIT 1 13
PIT 0 15
PIT 1 22
PIT 0 12
PIT 1 20
PIT 0 26
PIT 1 23
PIT 0 20
PIT 1 24
PIT 0 19
PIT 1 31
GAMEOVER ILLEGAL MOVE: Player 0 plays pit 15 WINNER 1
# Game ended: Thu Mar 03 00:03:07 EST 2016
