# Server version 0.08 running on Siegetank:8123
# Game ID: 323
# Board class: hus.HusBoard
# Timeout: 2000
# First Move Timeout: 30000
# Date: Tue Mar 01 21:34:52 EST 2016
# Player 1: Player-0, '260498154', running on Siegetank
# Player 2: Player-1, 'Brute Force AI', running on Siegetank
START Player-0 260498154
START Player-1 Brute Force AI
PIT 0 1
PIT 1 22
PIT 0 0
PIT 1 19
PIT 0 22
PIT 1 18
PIT 0 5
PIT 1 31
PIT 0 4
PIT 1 9
PIT 0 9
PIT 1 11
PIT 0 7
PIT 1 0
PIT 0 18
PIT 1 1
GAMEOVER WINNER 1
# Game ended: Tue Mar 01 21:34:58 EST 2016
