# Server version 0.08 running on Siegetank:8123
# Game ID: 683
# Board class: hus.HusBoard
# Timeout: 2000
# First Move Timeout: 30000
# Date: Thu Mar 03 18:08:21 EST 2016
# Player 1: Player-0, '260498154', running on Siegetank
# Player 2: Player-1, 'Human', running on Siegetank
START Player-0 260498154
START Player-1 Human
PIT 0 22
PIT 1 12
PIT 0 21
PIT 1 6
PIT 0 19
PIT 1 10
PIT 0 3
PIT 1 21
PIT 0 12
PIT 1 23
PIT 0 20
PIT 1 27
PIT 0 19
PIT 1 25
PIT 0 29
GAMEOVER USER CANCEL UNDECIDED
# Game ended: Thu Mar 03 18:10:38 EST 2016
