# Server version 0.08 running on Siegetank:8123
# Game ID: 816
# Board class: hus.HusBoard
# Timeout: 2000
# First Move Timeout: 30000
# Date: Wed Mar 09 22:44:25 EST 2016
# Player 1: Player-0, '260498154', running on Siegetank
# Player 2: Player-1, 'Brute Force AI', running on Siegetank
START Player-0 260498154
START Player-1 Brute Force AI
PIT 0 0
PIT 1 20
PIT 0 1
PIT 1 4
PIT 0 3
PIT 1 19
PIT 0 9
PIT 1 27
PIT 0 10
PIT 1 29
PIT 0 11
PIT 1 21
PIT 0 12
PIT 1 30
PIT 0 14
PIT 1 26
PIT 0 22
PIT 1 31
GAMEOVER WINNER 1
# Game ended: Wed Mar 09 22:44:26 EST 2016
