# Server version 0.08 running on Siegetank:8123
# Game ID: 753
# Board class: hus.HusBoard
# Timeout: 2000
# First Move Timeout: 30000
# Date: Fri Mar 04 16:56:41 EST 2016
# Player 1: Player-0, '260498154', running on Siegetank
# Player 2: Player-1, 'Brute Force AI', running on Siegetank
START Player-0 260498154
START Player-1 Brute Force AI
PIT 0 22
PIT 1 23
PIT 0 12
PIT 1 8
PIT 0 16
PIT 1 22
PIT 0 0
PIT 1 20
PIT 0 23
PIT 1 25
PIT 0 4
PIT 1 11
PIT 0 3
PIT 1 17
PIT 0 1
PIT 1 31
PIT 0 15
PIT 1 30
PIT 0 17
PIT 1 27
GAMEOVER WINNER 1
# Game ended: Fri Mar 04 16:56:47 EST 2016
