# Server version 0.08 running on Siegetank:8123
# Game ID: 1003
# Board class: hus.HusBoard
# Timeout: 2000
# First Move Timeout: 30000
# Date: Thu Mar 10 11:00:49 EST 2016
# Player 1: Player-0, '260498154', running on Siegetank
# Player 2: Player-1, 'Brute Force AI', running on Siegetank
START Player-0 260498154
START Player-1 Brute Force AI
PIT 0 11
PIT 1 6
PIT 0 1
PIT 1 5
PIT 0 15
PIT 1 21
PIT 0 17
PIT 1 19
PIT 0 16
PIT 1 12
PIT 0 18
PIT 1 9
PIT 0 10
PIT 1 25
PIT 0 27
PIT 1 18
PIT 0 0
PIT 1 31
PIT 0 4
PIT 1 30
PIT 0 28
PIT 1 28
PIT 0 29
PIT 1 31
GAMEOVER WINNER 1
# Game ended: Thu Mar 10 11:00:54 EST 2016
