# Server version 0.08 running on Siegetank:8123
# Game ID: 1001
# Board class: hus.HusBoard
# Timeout: 2000
# First Move Timeout: 30000
# Date: Thu Mar 10 10:58:09 EST 2016
# Player 1: Player-0, '260498154', running on Siegetank
# Player 2: Player-1, 'Brute Force AI', running on Siegetank
START Player-0 260498154
START Player-1 Brute Force AI
PIT 0 6
PIT 1 22
PIT 0 10
PIT 1 21
PIT 0 4
PIT 1 24
PIT 0 9
PIT 1 17
PIT 0 16
PIT 1 20
PIT 0 21
PIT 1 16
PIT 0 18
PIT 1 19
PIT 0 20
PIT 1 15
PIT 0 23
PIT 1 18
PIT 0 29
PIT 1 26
PIT 0 15
PIT 1 24
PIT 0 31
PIT 1 30
PIT 0 19
PIT 1 31
PIT 0 1
PIT 1 29
PIT 0 0
PIT 1 17
GAMEOVER WINNER 1
# Game ended: Thu Mar 10 10:58:18 EST 2016
