# Server version 0.08 running on Siegetank:8123
# Game ID: 724
# Board class: hus.HusBoard
# Timeout: 2000
# First Move Timeout: 30000
# Date: Fri Mar 04 11:58:35 EST 2016
# Player 1: Player-0, '260498154', running on Siegetank
# Player 2: Player-1, 'Human', running on Siegetank
START Player-0 260498154
START Player-1 Human
PIT 0 22
PIT 1 23
PIT 0 21
PIT 1 20
PIT 0 3
PIT 1 16
PIT 0 16
PIT 1 15
PIT 0 21
PIT 1 2
PIT 0 22
PIT 1 21
PIT 0 25
PIT 1 19
PIT 0 19
PIT 1 25
PIT 0 15
PIT 1 14
PIT 0 10
PIT 1 4
PIT 0 17
PIT 1 22
PIT 0 20
PIT 1 12
PIT 0 31
PIT 1 6
PIT 0 30
PIT 1 7
PIT 0 29
PIT 1 8
PIT 0 31
PIT 1 9
PIT 0 27
PIT 1 10
PIT 0 26
PIT 1 11
PIT 0 3
PIT 1 14
PIT 0 23
PIT 1 12
PIT 0 31
GAMEOVER WINNER 0
# Game ended: Fri Mar 04 11:59:05 EST 2016
