# Server version 0.08 running on Siegetank:8123
# Game ID: 438
# Board class: hus.HusBoard
# Timeout: 2000
# First Move Timeout: 30000
# Date: Wed Mar 02 11:13:19 EST 2016
# Player 1: Player-0, '260498154', running on Siegetank
# Player 2: Player-1, 'Brute Force AI', running on Siegetank
START Player-0 260498154
START Player-1 Brute Force AI
PIT 0 22
PIT 1 12
PIT 0 19
PIT 1 7
PIT 0 21
PIT 1 18
PIT 0 9
PIT 1 16
PIT 0 18
PIT 1 10
PIT 0 17
PIT 1 12
PIT 0 21
PIT 1 29
PIT 0 24
PIT 1 16
PIT 0 22
PIT 1 17
PIT 0 23
PIT 1 18
PIT 0 28
PIT 1 20
PIT 0 31
PIT 1 19
PIT 0 29
PIT 1 3
PIT 0 27
PIT 1 9
PIT 0 10
PIT 1 0
GAMEOVER WINNER 1
# Game ended: Wed Mar 02 11:13:25 EST 2016
