# Server version 0.08 running on Siegetank:8123
# Game ID: 1002
# Board class: hus.HusBoard
# Timeout: 2000
# First Move Timeout: 30000
# Date: Thu Mar 10 10:59:45 EST 2016
# Player 1: Player-0, '260498154', running on Siegetank
# Player 2: Player-1, 'Brute Force AI', running on Siegetank
START Player-0 260498154
START Player-1 Brute Force AI
PIT 0 15
PIT 1 22
PIT 0 0
PIT 1 21
PIT 0 13
PIT 1 18
PIT 0 15
PIT 1 10
PIT 0 17
PIT 1 19
PIT 0 12
PIT 1 14
PIT 0 14
PIT 1 1
PIT 0 19
PIT 1 21
PIT 0 15
PIT 1 23
PIT 0 17
PIT 1 20
PIT 0 3
PIT 1 10
PIT 0 4
PIT 1 14
PIT 0 19
PIT 1 29
PIT 0 18
PIT 1 31
PIT 0 1
PIT 1 30
GAMEOVER WINNER 1
# Game ended: Thu Mar 10 10:59:52 EST 2016
