# Server version 0.08 running on Siegetank:8123
# Game ID: 364
# Board class: hus.HusBoard
# Timeout: 2000
# First Move Timeout: 30000
# Date: Wed Mar 02 01:12:00 EST 2016
# Player 1: Player-0, '260498154', running on Siegetank
# Player 2: Player-1, 'Brute Force AI', running on Siegetank
START Player-0 260498154
START Player-1 Brute Force AI
PIT 0 0
PIT 1 20
PIT 0 1
PIT 1 7
PIT 0 3
PIT 1 19
PIT 0 9
PIT 1 4
PIT 0 10
PIT 1 29
PIT 0 11
PIT 1 14
PIT 0 12
PIT 1 7
PIT 0 21
PIT 1 1
GAMEOVER WINNER 1
# Game ended: Wed Mar 02 01:12:02 EST 2016
