# Server version 0.08 running on Siegetank:8123
# Game ID: 100
# Board class: hus.HusBoard
# Timeout: 2000
# First Move Timeout: 30000
# Date: Mon Feb 29 17:11:56 EST 2016
# Player 1: Player-0, '260498154', running on Siegetank
# Player 2: Player-1, 'RandomHusPlayer', running on Siegetank
START Player-0 260498154
START Player-1 RandomHusPlayer
PIT 0 22
PIT 1 22
PIT 0 4
PIT 1 1
PIT 0 19
PIT 1 14
PIT 0 10
PIT 1 13
PIT 0 16
PIT 1 15
PIT 0 24
PIT 1 19
PIT 0 22
PIT 1 24
PIT 0 23
PIT 1 20
PIT 0 14
PIT 1 4
PIT 0 4
PIT 1 5
PIT 0 31
PIT 1 25
PIT 0 11
PIT 1 26
PIT 0 19
PIT 1 0
PIT 0 1
PIT 1 28
PIT 0 2
PIT 1 11
PIT 0 3
PIT 1 6
PIT 0 4
GAMEOVER WINNER 0
# Game ended: Mon Feb 29 17:12:03 EST 2016
