# Server version 0.08 running on Siegetank:8123
# Game ID: 43
# Board class: hus.HusBoard
# Timeout: 2000
# First Move Timeout: 30000
# Date: Sun Feb 28 14:37:36 EST 2016
# Player 1: Player-0, 'RandomHusPlayer', running on Siegetank
# Player 2: Player-1, '260498154', running on Siegetank
START Player-0 RandomHusPlayer
START Player-1 260498154
PIT 0 9
PIT 1 1
PIT 0 19
PIT 1 16
PIT 0 8
PIT 1 7
PIT 0 0
PIT 1 22
PIT 0 12
PIT 1 23
PIT 0 21
PIT 1 19
PIT 0 15
PIT 1 24
PIT 0 1
PIT 1 17
PIT 0 3
PIT 1 0
GAMEOVER WINNER 1
# Game ended: Sun Feb 28 14:37:37 EST 2016
