# Server version 0.08 running on Siegetank:8123
# Game ID: 199
# Board class: hus.HusBoard
# Timeout: 2000
# First Move Timeout: 30000
# Date: Tue Mar 01 15:39:57 EST 2016
# Player 1: Player-0, '260498154', running on Siegetank
# Player 2: Player-1, 'RandomHusPlayer', running on Siegetank
START Player-0 260498154
START Player-1 RandomHusPlayer
PIT 0 22
PIT 1 6
PIT 0 19
PIT 1 4
PIT 0 1
PIT 1 3
PIT 0 10
PIT 1 12
PIT 0 4
PIT 1 1
PIT 0 19
PIT 1 2
PIT 0 17
PIT 1 0
PIT 0 1
PIT 1 4
PIT 0 2
PIT 1 5
PIT 0 0
PIT 1 6
PIT 0 3
PIT 1 9
PIT 0 7
PIT 1 7
PIT 0 8
PIT 1 3
PIT 0 0
PIT 1 10
PIT 0 3
GAMEOVER WINNER 0
# Game ended: Tue Mar 01 15:40:04 EST 2016
