# Server version 0.08 running on Siegetank:8123
# Game ID: 871
# Board class: hus.HusBoard
# Timeout: 2000
# First Move Timeout: 30000
# Date: Thu Mar 10 00:58:09 EST 2016
# Player 1: Player-0, 'Brute Force AI', running on Siegetank
# Player 2: Player-1, '260498154', running on Siegetank
START Player-0 Brute Force AI
START Player-1 260498154
PIT 0 22
PIT 1 23
PIT 0 21
PIT 1 9
PIT 0 20
PIT 1 1
PIT 0 26
PIT 1 21
PIT 0 18
PIT 1 13
PIT 0 29
PIT 1 5
PIT 0 30
PIT 1 0
PIT 0 31
PIT 1 4
PIT 0 15
PIT 1 18
PIT 0 10
PIT 1 10
PIT 0 22
PIT 1 7
PIT 0 29
PIT 1 5
PIT 0 21
PIT 1 6
PIT 0 31
PIT 1 9
PIT 0 28
PIT 1 7
PIT 0 29
PIT 1 10
PIT 0 30
PIT 1 11
PIT 0 26
PIT 1 12
PIT 0 31
GAMEOVER WINNER 0
# Game ended: Thu Mar 10 00:58:15 EST 2016
