# Server version 0.08 running on Siegetank:8123
# Game ID: 842
# Board class: hus.HusBoard
# Timeout: 2000
# First Move Timeout: 30000
# Date: Wed Mar 09 23:14:06 EST 2016
# Player 1: Player-0, '260498154', running on Siegetank
# Player 2: Player-1, 'Brute Force AI', running on Siegetank
START Player-0 260498154
START Player-1 Brute Force AI
PIT 0 0
PIT 1 20
PIT 0 21
PIT 1 21
PIT 0 25
PIT 1 13
PIT 0 6
PIT 1 31
PIT 0 10
PIT 1 29
PIT 0 18
PIT 1 27
GAMEOVER WINNER 1
# Game ended: Wed Mar 09 23:14:09 EST 2016
