# Server version 0.08 running on Siegetank:8123
# Game ID: 894
# Board class: hus.HusBoard
# Timeout: 2000
# First Move Timeout: 30000
# Date: Thu Mar 10 01:53:31 EST 2016
# Player 1: Player-0, '260498154', running on Siegetank
# Player 2: Player-1, 'Brute Force AI', running on Siegetank
START Player-0 260498154
START Player-1 Brute Force AI
PIT 0 14
PIT 1 6
PIT 0 12
PIT 1 5
PIT 0 6
PIT 1 21
PIT 0 10
PIT 1 25
PIT 0 21
PIT 1 12
PIT 0 15
PIT 1 13
PIT 0 1
PIT 1 31
PIT 0 16
PIT 1 24
PIT 0 17
PIT 1 20
PIT 0 5
PIT 1 31
PIT 0 19
PIT 1 29
GAMEOVER WINNER 1
# Game ended: Thu Mar 10 01:53:37 EST 2016
