# Server version 0.08 running on Siegetank:8123
# Game ID: 786
# Board class: hus.HusBoard
# Timeout: 2000
# First Move Timeout: 30000
# Date: Fri Mar 04 17:43:03 EST 2016
# Player 1: Player-0, '260498154', running on Siegetank
# Player 2: Player-1, 'Brute Force AI', running on Siegetank
START Player-0 260498154
START Player-1 Brute Force AI
PIT 0 23
PIT 1 22
PIT 0 14
PIT 1 19
PIT 0 18
PIT 1 16
PIT 0 24
PIT 1 25
PIT 0 15
PIT 1 15
PIT 0 19
PIT 1 12
PIT 0 16
PIT 1 25
PIT 0 21
PIT 1 20
PIT 0 28
PIT 1 18
PIT 0 31
PIT 1 28
PIT 0 29
PIT 1 2
PIT 0 27
PIT 1 22
PIT 0 18
PIT 1 15
PIT 0 4
PIT 1 19
PIT 0 7
PIT 1 22
PIT 0 3
PIT 1 31
GAMEOVER WINNER 1
# Game ended: Fri Mar 04 17:43:12 EST 2016
