# Server version 0.08 running on Siegetank:8123
# Game ID: 150
# Board class: hus.HusBoard
# Timeout: 2000
# First Move Timeout: 30000
# Date: Mon Feb 29 20:01:26 EST 2016
# Player 1: Player-0, '260498154', running on Siegetank
# Player 2: Player-1, 'RandomHusPlayer', running on Siegetank
START Player-0 260498154
START Player-1 RandomHusPlayer
PIT 0 22
PIT 1 22
PIT 0 4
PIT 1 2
PIT 0 16
PIT 1 19
PIT 0 23
PIT 1 18
PIT 0 7
PIT 1 23
PIT 0 11
PIT 1 3
PIT 0 6
PIT 1 1
PIT 0 11
PIT 1 0
PIT 0 18
PIT 1 15
PIT 0 21
PIT 1 8
PIT 0 1
PIT 1 9
PIT 0 2
PIT 1 12
PIT 0 0
PIT 1 13
PIT 0 1
GAMEOVER WINNER 0
# Game ended: Mon Feb 29 20:01:45 EST 2016
