# Server version 0.08 running on Siegetank:8123
# Game ID: 111
# Board class: hus.HusBoard
# Timeout: 2000
# First Move Timeout: 30000
# Date: Mon Feb 29 17:22:14 EST 2016
# Player 1: Player-0, '260498154', running on Siegetank
# Player 2: Player-1, 'RandomHusPlayer', running on Siegetank
START Player-0 260498154
START Player-1 RandomHusPlayer
PIT 0 22
PIT 1 0
PIT 0 21
PIT 1 1
PIT 0 24
PIT 1 6
PIT 0 10
PIT 1 13
PIT 0 25
PIT 1 9
PIT 0 4
PIT 1 3
PIT 0 2
PIT 1 11
PIT 0 17
PIT 1 12
PIT 0 0
PIT 1 13
PIT 0 23
PIT 1 14
PIT 0 2
PIT 1 8
PIT 0 0
PIT 1 9
PIT 0 1
PIT 1 10
PIT 0 0
PIT 1 13
PIT 0 0
PIT 1 14
PIT 0 1
PIT 1 15
PIT 0 2
PIT 1 16
PIT 0 3
PIT 1 17
PIT 0 5
GAMEOVER WINNER 0
# Game ended: Mon Feb 29 17:22:20 EST 2016
