# Server version 0.08 running on Siegetank:8123
# Game ID: 560
# Board class: hus.HusBoard
# Timeout: 2000
# First Move Timeout: 30000
# Date: Wed Mar 02 23:09:06 EST 2016
# Player 1: Player-0, '260498154', running on Siegetank
# Player 2: Player-1, 'Brute Force AI', running on Siegetank
START Player-0 260498154
START Player-1 Brute Force AI
PIT 0 22
PIT 1 23
PIT 0 20
PIT 1 20
PIT 0 18
PIT 1 10
PIT 0 7
PIT 1 16
PIT 0 0
PIT 1 23
PIT 0 3
PIT 1 27
PIT 0 4
PIT 1 30
PIT 0 13
PIT 1 26
PIT 0 9
PIT 1 14
PIT 0 7
PIT 1 27
PIT 0 5
PIT 1 31
PIT 0 6
PIT 1 30
PIT 0 7
PIT 1 31
PIT 0 13
PIT 1 23
PIT 0 1
PIT 1 25
PIT 0 14
PIT 1 22
PIT 0 16
PIT 1 26
PIT 0 15
PIT 1 30
GAMEOVER WINNER 1
# Game ended: Wed Mar 02 23:09:13 EST 2016
