# Server version 0.08 running on Siegetank:8123
# Game ID: 910
# Board class: hus.HusBoard
# Timeout: 2000
# First Move Timeout: 30000
# Date: Thu Mar 10 01:58:40 EST 2016
# Player 1: Player-0, '260498154', running on Siegetank
# Player 2: Player-1, 'Brute Force AI', running on Siegetank
START Player-0 260498154
START Player-1 Brute Force AI
PIT 0 0
PIT 1 20
PIT 0 21
PIT 1 21
PIT 0 26
PIT 1 26
PIT 0 27
PIT 1 30
PIT 0 1
PIT 1 31
PIT 0 10
PIT 1 29
GAMEOVER WINNER 1
# Game ended: Thu Mar 10 01:58:43 EST 2016
