# Server version 0.08 running on Siegetank:8123
# Game ID: 216
# Board class: hus.HusBoard
# Timeout: 2000
# First Move Timeout: 30000
# Date: Tue Mar 01 16:41:18 EST 2016
# Player 1: Player-0, '260498154', running on Siegetank
# Player 2: Player-1, 'RandomHusPlayer', running on Siegetank
START Player-0 260498154
START Player-1 RandomHusPlayer
PIT 0 22
PIT 1 12
PIT 0 21
PIT 1 6
PIT 0 19
PIT 1 10
PIT 0 18
PIT 1 2
PIT 0 17
PIT 1 1
PIT 0 2
PIT 1 14
PIT 0 18
PIT 1 17
PIT 0 25
PIT 1 16
PIT 0 8
PIT 1 15
PIT 0 14
PIT 1 17
PIT 0 19
PIT 1 19
PIT 0 17
PIT 1 12
PIT 0 23
PIT 1 22
PIT 0 12
PIT 1 28
PIT 0 13
PIT 1 30
PIT 0 16
PIT 1 1
PIT 0 1
PIT 1 2
PIT 0 3
PIT 1 5
PIT 0 12
PIT 1 6
PIT 0 19
PIT 1 31
PIT 0 0
GAMEOVER WINNER 0
# Game ended: Tue Mar 01 16:41:23 EST 2016
