# Server version 0.08 running on Siegetank:8123
# Game ID: 869
# Board class: hus.HusBoard
# Timeout: 2000
# First Move Timeout: 30000
# Date: Thu Mar 10 00:51:27 EST 2016
# Player 1: Player-0, '260498154', running on Siegetank
# Player 2: Player-1, 'Brute Force AI', running on Siegetank
START Player-0 260498154
START Player-1 Brute Force AI
PIT 0 5
PIT 1 8
PIT 0 20
PIT 1 20
PIT 0 15
PIT 1 11
PIT 0 2
PIT 1 17
PIT 0 3
PIT 1 16
PIT 0 1
PIT 1 30
PIT 0 0
PIT 1 26
PIT 0 23
PIT 1 19
PIT 0 5
PIT 1 20
PIT 0 3
PIT 1 31
GAMEOVER WINNER 1
# Game ended: Thu Mar 10 00:51:34 EST 2016
