# Server version 0.08 running on Siegetank:8123
# Game ID: 925
# Board class: hus.HusBoard
# Timeout: 2000
# First Move Timeout: 30000
# Date: Thu Mar 10 08:56:23 EST 2016
# Player 1: Player-0, '260498154', running on Siegetank
# Player 2: Player-1, 'Brute Force AI', running on Siegetank
START Player-0 260498154
START Player-1 Brute Force AI
PIT 0 4
PIT 1 23
PIT 0 5
PIT 1 19
PIT 0 19
PIT 1 24
PIT 0 20
PIT 1 9
PIT 0 1
PIT 1 12
PIT 0 7
PIT 1 22
PIT 0 23
PIT 1 21
PIT 0 2
PIT 1 30
PIT 0 22
PIT 1 22
PIT 0 27
PIT 1 31
PIT 0 0
PIT 1 11
PIT 0 11
PIT 1 29
PIT 0 9
PIT 1 31
PIT 0 4
PIT 1 28
GAMEOVER WINNER 1
# Game ended: Thu Mar 10 08:56:29 EST 2016
